#
# A fatal error has been detected by the Java Runtime Environment:
#
#  EXCEPTION_ACCESS_VIOLATION (0xc0000005) at pc=0x000000005cdd7385, pid=10732, tid=0x00000000000034b4
#
# JRE version: Java(TM) SE Runtime Environment (8.0_131-b11) (build 1.8.0_131-b11)
# Java VM: Java HotSpot(TM) 64-Bit Server VM (25.131-b11 mixed mode windows-amd64 compressed oops)
# Problematic frame:
# V  [jvm.dll+0x1d7385]
#
# Failed to write core dump. Minidumps are not enabled by default on client versions of Windows
#
# If you would like to submit a bug report, please visit:
#   http://bugreport.java.com/bugreport/crash.jsp
#

---------------  T H R E A D  ---------------

Current thread (0x000000001dd66800):  VMThread [stack: 0x000000001ee00000,0x000000001ef00000] [id=13492]

siginfo: ExceptionCode=0xc0000005, reading address 0xffffffffffffffff

Registers:
RAX=0x00800060005e0056, RBX=0x00000006c349c780, RCX=0x00000007c05cda70, RDX=0x000000000000023a
RSP=0x000000001eeff240, RBP=0x0000000000000002, RSI=0x000000001eeff3c8, RDI=0x0000000023c97270
R8 =0x0000000000010000, R9 =0x0000000000000013, R10=0x0000000023c92dc8, R11=0x0000000000000000
R12=0x0000000000000010, R13=0x00000007c05cda70, R14=0x00000000217d25d0, R15=0x0000000023c970d8
RIP=0x000000005cdd7385, EFLAGS=0x0000000000010246

Top of Stack: (sp=0x000000001eeff240)
0x000000001eeff240:   00000006c349c810 000000001eeff3c8
0x000000001eeff250:   000000001eeff340 0000000000000000
0x000000001eeff260:   00000007c05cf108 00000007c05cda70
0x000000001eeff270:   000000001dd66800 000000001dd66800
0x000000001eeff280:   00000007c05cda70 0000000000000000
0x000000001eeff290:   0000000000000000 000000001fa2f060
0x000000001eeff2a0:   00000007c05cf108 0000000000000000
0x000000001eeff2b0:   000000001eeff359 000000005cdc85af
0x000000001eeff2c0:   0000000000000000 00000007c05cda70
0x000000001eeff2d0:   000000001eeff3c8 0000000023c970d8
0x000000001eeff2e0:   00000000059433e0 00000000059433e0
0x000000001eeff2f0:   00000006c3472360 0000000000000000
0x000000001eeff300:   0000000000000000 0000000000000000
0x000000001eeff310:   0000000000000000 0000000024959f80
0x000000001eeff320:   0000000000000013 000000005d20a358
0x000000001eeff330:   000000001dd66800 000000001dd66800 

Instructions: (pc=0x000000005cdd7385)
0x000000005cdd7365:   ca c1 e9 10 f6 c1 01 0f 84 e1 01 00 00 c1 ea 0f
0x000000005cdd7375:   f6 c2 01 0f 85 d5 01 00 00 48 8b 40 08 49 8b cd
0x000000005cdd7385:   0f b7 50 2e e8 22 10 f3 ff 48 8b cb 48 8b d0 4c
0x000000005cdd7395:   8b f8 48 89 84 24 98 00 00 00 e8 fc 89 e9 ff 4c 


Register to memory mapping:

RAX=0x00800060005e0056 is an unknown value
RBX=0x00000006c349c780 is an oop
java.lang.invoke.MemberName 
 - klass: 'java/lang/invoke/MemberName'
RCX=0x00000007c05cda70 is pointing into metadata
RDX=0x000000000000023a is an unknown value
RSP=0x000000001eeff240 is an unknown value
RBP=0x0000000000000002 is an unknown value
RSI=0x000000001eeff3c8 is an unknown value
RDI=0x0000000023c97270 is pointing into metadata
R8 =0x0000000000010000 is an unknown value
R9 =0x0000000000000013 is an unknown value
R10=0x0000000023c92dc8 is pointing into metadata
R11=0x0000000000000000 is an unknown value
R12=0x0000000000000010 is an unknown value
R13=0x00000007c05cda70 is pointing into metadata
R14=0x00000000217d25d0 is an unknown value
R15={method} {0x0000000023c970e0} 'lambda$1' '(Ljava/lang/String;)V' in 'com/example/processor/ContentProcessor'


Stack: [0x000000001ee00000,0x000000001ef00000],  sp=0x000000001eeff240,  free space=1020k
Native frames: (J=compiled Java code, j=interpreted, Vv=VM code, C=native code)
V  [jvm.dll+0x1d7385]
V  [jvm.dll+0x1c85af]
V  [jvm.dll+0x1c880b]
V  [jvm.dll+0x24c2a7]
V  [jvm.dll+0x24b546]
V  [jvm.dll+0x24b9e1]
V  [jvm.dll+0x24bbfe]
V  [jvm.dll+0x29cc1a]
C  [msvcr100.dll+0x21d9f]
C  [msvcr100.dll+0x21e3b]
C  [KERNEL32.DLL+0x11fe4]
C  [ntdll.dll+0x6efb1]

VM_Operation (0x000000001fa2f060): RedefineClasses, mode: safepoint, requested by thread 0x000000001ddb9000


---------------  P R O C E S S  ---------------

Java Threads: ( => current thread )
  0x0000000020b29000 JavaThread "http-nio-8080-AsyncTimeout" daemon [_thread_blocked, id=6340, stack(0x0000000069bd0000,0x0000000069cd0000)]
  0x0000000020b2a800 JavaThread "http-nio-8080-Acceptor-0" daemon [_thread_in_native, id=6660, stack(0x0000000069ad0000,0x0000000069bd0000)]
  0x0000000020b29800 JavaThread "http-nio-8080-ClientPoller-1" daemon [_thread_in_native, id=3176, stack(0x00000000699d0000,0x0000000069ad0000)]
  0x0000000020b2d800 JavaThread "http-nio-8080-ClientPoller-0" daemon [_thread_in_native, id=13192, stack(0x00000000698d0000,0x00000000699d0000)]
  0x0000000020b27800 JavaThread "http-nio-8080-exec-10" daemon [_thread_blocked, id=15196, stack(0x00000000697d0000,0x00000000698d0000)]
  0x00000000224d4800 JavaThread "http-nio-8080-exec-9" daemon [_thread_blocked, id=2164, stack(0x00000000696d0000,0x00000000697d0000)]
  0x00000000224d3000 JavaThread "http-nio-8080-exec-8" daemon [_thread_blocked, id=2576, stack(0x00000000695d0000,0x00000000696d0000)]
  0x00000000224d2000 JavaThread "http-nio-8080-exec-7" daemon [_thread_blocked, id=11468, stack(0x00000000694d0000,0x00000000695d0000)]
  0x00000000224d3800 JavaThread "http-nio-8080-exec-6" daemon [_thread_blocked, id=8528, stack(0x00000000693d0000,0x00000000694d0000)]
  0x00000000224ca800 JavaThread "http-nio-8080-exec-5" daemon [_thread_blocked, id=10392, stack(0x00000000692d0000,0x00000000693d0000)]
  0x00000000224d1800 JavaThread "http-nio-8080-exec-4" daemon [_thread_blocked, id=9916, stack(0x00000000691d0000,0x00000000692d0000)]
  0x00000000224d0800 JavaThread "http-nio-8080-exec-3" daemon [_thread_blocked, id=15084, stack(0x00000000690d0000,0x00000000691d0000)]
  0x00000000224cd800 JavaThread "http-nio-8080-exec-2" daemon [_thread_blocked, id=8336, stack(0x0000000068fd0000,0x00000000690d0000)]
  0x00000000224c9000 JavaThread "http-nio-8080-exec-1" daemon [_thread_blocked, id=14528, stack(0x0000000068ed0000,0x0000000068fd0000)]
  0x00000000224cd000 JavaThread "NioBlockingSelector.BlockPoller-42" daemon [_thread_in_native, id=2628, stack(0x0000000068dd0000,0x0000000068ed0000)]
  0x00000000224cb800 JavaThread "http-nio-9001-AsyncTimeout" daemon [_thread_blocked, id=10844, stack(0x00000000689d0000,0x0000000068ad0000)]
  0x00000000224d0000 JavaThread "http-nio-9001-Acceptor-0" daemon [_thread_in_native, id=5588, stack(0x00000000688d0000,0x00000000689d0000)]
  0x00000000224cf000 JavaThread "http-nio-9001-ClientPoller-1" daemon [_thread_in_native, id=5284, stack(0x00000000687d0000,0x00000000688d0000)]
  0x00000000224c7800 JavaThread "http-nio-9001-ClientPoller-0" daemon [_thread_in_native, id=15112, stack(0x00000000686d0000,0x00000000687d0000)]
  0x00000000224c8800 JavaThread "http-nio-9001-exec-10" daemon [_thread_blocked, id=8200, stack(0x00000000685d0000,0x00000000686d0000)]
  0x00000000224ca000 JavaThread "http-nio-9001-exec-9" daemon [_thread_blocked, id=11852, stack(0x00000000684d0000,0x00000000685d0000)]
  0x00000000224c5800 JavaThread "http-nio-9001-exec-8" daemon [_thread_blocked, id=11148, stack(0x00000000683d0000,0x00000000684d0000)]
  0x00000000219fa800 JavaThread "http-nio-9001-exec-7" daemon [_thread_blocked, id=6140, stack(0x00000000682d0000,0x00000000683d0000)]
  0x00000000219fa000 JavaThread "http-nio-9001-exec-6" daemon [_thread_blocked, id=7976, stack(0x00000000681d0000,0x00000000682d0000)]
  0x00000000219f4800 JavaThread "http-nio-9001-exec-5" daemon [_thread_blocked, id=7904, stack(0x00000000680d0000,0x00000000681d0000)]
  0x00000000219f9000 JavaThread "http-nio-9001-exec-4" daemon [_thread_blocked, id=5640, stack(0x0000000067fd0000,0x00000000680d0000)]
  0x00000000219f8800 JavaThread "http-nio-9001-exec-3" daemon [_thread_blocked, id=3852, stack(0x0000000067ed0000,0x0000000067fd0000)]
  0x00000000219f3000 JavaThread "http-nio-9001-exec-2" daemon [_thread_blocked, id=3396, stack(0x0000000067dd0000,0x0000000067ed0000)]
  0x00000000219f7000 JavaThread "http-nio-9001-exec-1" daemon [_thread_blocked, id=3512, stack(0x0000000067cd0000,0x0000000067dd0000)]
  0x00000000219f6000 JavaThread "NioBlockingSelector.BlockPoller-41" daemon [_thread_in_native, id=11716, stack(0x0000000067bd0000,0x0000000067cd0000)]
  0x00000000219f7800 JavaThread "container-1" [_thread_blocked, id=2328, stack(0x0000000067ad0000,0x0000000067bd0000)]
  0x00000000219ee000 JavaThread "ContainerBackgroundProcessor[StandardEngine[Tomcat-1]]" daemon [_thread_blocked, id=14824, stack(0x00000000679d0000,0x0000000067ad0000)]
  0x00000000219f0000 JavaThread "localhost-startStop-1" daemon [_thread_blocked, id=8844, stack(0x00000000678d0000,0x00000000679d0000)]
  0x00000000219f1800 JavaThread "Tomcat-1-startStop-1" daemon [_thread_blocked, id=5384, stack(0x00000000677d0000,0x00000000678d0000)]
  0x00000000219ef800 JavaThread "File Watcher" daemon [_thread_blocked, id=3492, stack(0x00000000676d0000,0x00000000677d0000)]
  0x00000000219ed000 JavaThread "container-0" [_thread_blocked, id=14428, stack(0x00000000675d0000,0x00000000676d0000)]
  0x00000000219f2800 JavaThread "ContainerBackgroundProcessor[StandardEngine[Tomcat]]" daemon [_thread_blocked, id=1384, stack(0x00000000674d0000,0x00000000675d0000)]
  0x00000000219f4000 JavaThread "localhost-startStop-1" daemon [_thread_blocked, id=4440, stack(0x00000000673d0000,0x00000000674d0000)]
  0x00000000219ee800 JavaThread "Tomcat-startStop-1" daemon [_thread_blocked, id=9084, stack(0x00000000672d0000,0x00000000673d0000)]
  0x00000000224c6000 JavaThread "RMI TCP Connection(113)-127.0.0.1" daemon [_thread_in_native, id=4840, stack(0x00000000622d0000,0x00000000623d0000)]
  0x00000000219f1000 JavaThread "RMI TCP Connection(112)-127.0.0.1" daemon [_thread_in_native, id=11688, stack(0x000000005edd0000,0x000000005eed0000)]
  0x00000000224ce800 JavaThread "RMI TCP Connection(111)-127.0.0.1" daemon [_thread_in_native, id=1744, stack(0x000000005ecd0000,0x000000005edd0000)]
  0x0000000020b28000 JavaThread "RMI TCP Connection(114)-127.0.0.1" daemon [_thread_in_native, id=8944, stack(0x0000000042a60000,0x0000000042b60000)]
  0x00000000219f5800 JavaThread "DestroyJavaVM" [_thread_blocked, id=13152, stack(0x0000000004530000,0x0000000004630000)]
  0x0000000020b2c000 JavaThread "Live Reload Server" daemon [_thread_in_native, id=2044, stack(0x0000000024760000,0x0000000024860000)]
  0x000000002158d800 JavaThread "JMX server connection timeout 23" daemon [_thread_blocked, id=6328, stack(0x0000000022a40000,0x0000000022b40000)]
  0x000000002157a800 JavaThread "RMI Scheduler(0)" daemon [_thread_blocked, id=11972, stack(0x0000000022840000,0x0000000022940000)]
  0x000000002067f800 JavaThread "RMI TCP Accept-0" daemon [_thread_in_native, id=10080, stack(0x0000000020e30000,0x0000000020f30000)]
  0x0000000020671000 JavaThread "RMI TCP Accept-49812" daemon [_thread_in_native, id=9704, stack(0x0000000020d30000,0x0000000020e30000)]
  0x000000002065d000 JavaThread "RMI TCP Accept-0" daemon [_thread_in_native, id=7888, stack(0x0000000020c30000,0x0000000020d30000)]
  0x000000001ff81000 JavaThread "Service Thread" daemon [_thread_blocked, id=15140, stack(0x0000000020330000,0x0000000020430000)]
  0x000000001ddcf000 JavaThread "C1 CompilerThread2" daemon [_thread_blocked, id=14148, stack(0x000000001fe30000,0x000000001ff30000)]
  0x000000001ddce800 JavaThread "C2 CompilerThread1" daemon [_thread_blocked, id=11364, stack(0x000000001fd30000,0x000000001fe30000)]
  0x000000001ddca800 JavaThread "C2 CompilerThread0" daemon [_thread_blocked, id=9596, stack(0x000000001fc30000,0x000000001fd30000)]
  0x000000001ddbf800 JavaThread "JDWP Command Reader" daemon [_thread_in_native, id=7528, stack(0x000000001fb30000,0x000000001fc30000)]
  0x000000001ddbc800 JavaThread "JDWP Event Helper Thread" daemon [_thread_blocked, id=10628, stack(0x000000001fa30000,0x000000001fb30000)]
  0x000000001ddb9000 JavaThread "JDWP Transport Listener: dt_socket" daemon [_thread_blocked, id=13880, stack(0x000000001f930000,0x000000001fa30000)]
  0x000000001dda6000 JavaThread "Attach Listener" daemon [_thread_blocked, id=9132, stack(0x000000001f3f0000,0x000000001f4f0000)]
  0x000000001dda5000 JavaThread "Signal Dispatcher" daemon [_thread_blocked, id=5548, stack(0x000000001f2f0000,0x000000001f3f0000)]
  0x000000001dd8a000 JavaThread "Finalizer" daemon [_thread_blocked, id=8248, stack(0x000000001f000000,0x000000001f100000)]
  0x0000000004724000 JavaThread "Reference Handler" daemon [_thread_blocked, id=12668, stack(0x000000001ef00000,0x000000001f000000)]

Other Threads:
=>0x000000001dd66800 VMThread [stack: 0x000000001ee00000,0x000000001ef00000] [id=13492]
  0x0000000020684800 WatcherThread [stack: 0x0000000020f30000,0x0000000021030000] [id=2464]

VM state:at safepoint (normal execution)

VM Mutex/Monitor currently owned by a thread:  ([mutex/lock_event])
[0x0000000004632ad0] Threads_lock - owner thread: 0x000000001dd66800

Heap:
 PSYoungGen      total 388096K, used 248724K [0x000000076b100000, 0x0000000783880000, 0x00000007c0000000)
  eden space 375296K, 66% used [0x000000076b100000,0x000000077a3e5388,0x0000000781f80000)
  from space 12800K, 0% used [0x0000000782c00000,0x0000000782c00000,0x0000000783880000)
  to   space 12800K, 0% used [0x0000000781f80000,0x0000000781f80000,0x0000000782c00000)
 ParOldGen       total 152064K, used 55011K [0x00000006c1200000, 0x00000006ca680000, 0x000000076b100000)
  object space 152064K, 36% used [0x00000006c1200000,0x00000006c47b8c80,0x00000006ca680000)
 Metaspace       used 47414K, capacity 51770K, committed 51968K, reserved 1093632K
  class space    used 6237K, capacity 7367K, committed 7424K, reserved 1048576K

Card table byte_map: [0x0000000013af0000,0x00000000142f0000] byte_map_base: 0x00000000104e7000

Marking Bits: (ParMarkBitMap*) 0x000000005d41c720
 Begin Bits: [0x0000000014c40000, 0x0000000018bf8000)
 End Bits:   [0x0000000018bf8000, 0x000000001cbb0000)

Polling page: 0x0000000002bf0000

CodeCache: size=245760Kb used=18494Kb max_used=18494Kb free=227265Kb
 bounds [0x0000000004730000, 0x0000000005950000, 0x0000000013730000]
 total_blobs=8965 nmethods=8264 adapters=620
 compilation: enabled

Compilation events (10 events):
Event: 3574.658 Thread 0x000000001ddcf000 8374       1       com.fasterxml.jackson.databind.type.TypeBindings::create (92 bytes)
Event: 3574.659 Thread 0x000000001ddcf000 nmethod 8374 0x0000000005941750 code [0x0000000005941960, 0x0000000005942138]
Event: 3574.659 Thread 0x000000001ddcf000 8375       1       com.fasterxml.jackson.databind.type.TypeBindings$TypeParamStash::paramsFor1 (60 bytes)
Event: 3574.660 Thread 0x000000001ddcf000 nmethod 8375 0x0000000005942750 code [0x00000000059428e0, 0x0000000005942b98]
Event: 3574.686 Thread 0x000000001ddcf000 8376       1       java.util.Collections$UnmodifiableMap::isEmpty (10 bytes)
Event: 3574.686 Thread 0x000000001ddcf000 nmethod 8376 0x0000000005942cd0 code [0x0000000005942e20, 0x0000000005942f68]
Event: 3574.690 Thread 0x000000001ddcf000 8377       1       com.google.common.collect.ImmutableMap::of (4 bytes)
Event: 3574.691 Thread 0x000000001ddcf000 nmethod 8377 0x0000000005942fd0 code [0x0000000005943120, 0x0000000005943210]
Event: 3574.691 Thread 0x000000001ddcf000 8378       1       com.google.common.collect.ImmutableBiMap::of (4 bytes)
Event: 3574.691 Thread 0x000000001ddcf000 nmethod 8378 0x0000000005943290 code [0x00000000059433e0, 0x00000000059434d0]

GC Heap History (10 events):
Event: 3477.021 GC heap before
{Heap before GC invocations=48 (full 20):
 PSYoungGen      total 388096K, used 8397K [0x000000076b100000, 0x0000000783980000, 0x00000007c0000000)
  eden space 375296K, 0% used [0x000000076b100000,0x000000076b100000,0x0000000781f80000)
  from space 12800K, 65% used [0x0000000782d00000,0x0000000783533578,0x0000000783980000)
  to   space 13312K, 0% used [0x0000000781f80000,0x0000000781f80000,0x0000000782c80000)
 ParOldGen       total 152064K, used 54829K [0x00000006c1200000, 0x00000006ca680000, 0x000000076b100000)
  object space 152064K, 36% used [0x00000006c1200000,0x00000006c478b528,0x00000006ca680000)
 Metaspace       used 46888K, capacity 51124K, committed 51328K, reserved 1093632K
  class space    used 6187K, capacity 7242K, committed 7296K, reserved 1048576K
Event: 3477.214 GC heap after
Heap after GC invocations=48 (full 20):
 PSYoungGen      total 388096K, used 0K [0x000000076b100000, 0x0000000783980000, 0x00000007c0000000)
  eden space 375296K, 0% used [0x000000076b100000,0x000000076b100000,0x0000000781f80000)
  from space 12800K, 0% used [0x0000000782d00000,0x0000000782d00000,0x0000000783980000)
  to   space 13312K, 0% used [0x0000000781f80000,0x0000000781f80000,0x0000000782c80000)
 ParOldGen       total 152064K, used 54906K [0x00000006c1200000, 0x00000006ca680000, 0x000000076b100000)
  object space 152064K, 36% used [0x00000006c1200000,0x00000006c479eba8,0x00000006ca680000)
 Metaspace       used 46883K, capacity 51112K, committed 51328K, reserved 1093632K
  class space    used 6186K, capacity 7238K, committed 7296K, reserved 1048576K
}
Event: 3514.283 GC heap before
{Heap before GC invocations=49 (full 20):
 PSYoungGen      total 388096K, used 259784K [0x000000076b100000, 0x0000000783980000, 0x00000007c0000000)
  eden space 375296K, 69% used [0x000000076b100000,0x000000077aeb2318,0x0000000781f80000)
  from space 12800K, 0% used [0x0000000782d00000,0x0000000782d00000,0x0000000783980000)
  to   space 13312K, 0% used [0x0000000781f80000,0x0000000781f80000,0x0000000782c80000)
 ParOldGen       total 152064K, used 54906K [0x00000006c1200000, 0x00000006ca680000, 0x000000076b100000)
  object space 152064K, 36% used [0x00000006c1200000,0x00000006c479eba8,0x00000006ca680000)
 Metaspace       used 47025K, capacity 51322K, committed 51584K, reserved 1093632K
  class space    used 6201K, capacity 7285K, committed 7296K, reserved 1048576K
Event: 3514.291 GC heap after
Heap after GC invocations=49 (full 20):
 PSYoungGen      total 384000K, used 8365K [0x000000076b100000, 0x0000000783880000, 0x00000007c0000000)
  eden space 375296K, 0% used [0x000000076b100000,0x000000076b100000,0x0000000781f80000)
  from space 8704K, 96% used [0x0000000781f80000,0x00000007827ab578,0x0000000782800000)
  to   space 12800K, 0% used [0x0000000782c00000,0x0000000782c00000,0x0000000783880000)
 ParOldGen       total 152064K, used 54914K [0x00000006c1200000, 0x00000006ca680000, 0x000000076b100000)
  object space 152064K, 36% used [0x00000006c1200000,0x00000006c47a0ba8,0x00000006ca680000)
 Metaspace       used 47025K, capacity 51322K, committed 51584K, reserved 1093632K
  class space    used 6201K, capacity 7285K, committed 7296K, reserved 1048576K
}
Event: 3514.291 GC heap before
{Heap before GC invocations=50 (full 21):
 PSYoungGen      total 384000K, used 8365K [0x000000076b100000, 0x0000000783880000, 0x00000007c0000000)
  eden space 375296K, 0% used [0x000000076b100000,0x000000076b100000,0x0000000781f80000)
  from space 8704K, 96% used [0x0000000781f80000,0x00000007827ab578,0x0000000782800000)
  to   space 12800K, 0% used [0x0000000782c00000,0x0000000782c00000,0x0000000783880000)
 ParOldGen       total 152064K, used 54914K [0x00000006c1200000, 0x00000006ca680000, 0x000000076b100000)
  object space 152064K, 36% used [0x00000006c1200000,0x00000006c47a0ba8,0x00000006ca680000)
 Metaspace       used 47025K, capacity 51322K, committed 51584K, reserved 1093632K
  class space    used 6201K, capacity 7285K, committed 7296K, reserved 1048576K
Event: 3514.418 GC heap after
Heap after GC invocations=50 (full 21):
 PSYoungGen      total 384000K, used 0K [0x000000076b100000, 0x0000000783880000, 0x00000007c0000000)
  eden space 375296K, 0% used [0x000000076b100000,0x000000076b100000,0x0000000781f80000)
  from space 8704K, 0% used [0x0000000781f80000,0x0000000781f80000,0x0000000782800000)
  to   space 12800K, 0% used [0x0000000782c00000,0x0000000782c00000,0x0000000783880000)
 ParOldGen       total 152064K, used 54963K [0x00000006c1200000, 0x00000006ca680000, 0x000000076b100000)
  object space 152064K, 36% used [0x00000006c1200000,0x00000006c47acea0,0x00000006ca680000)
 Metaspace       used 47020K, capacity 51310K, committed 51584K, reserved 1093632K
  class space    used 6200K, capacity 7281K, committed 7296K, reserved 1048576K
}
Event: 3572.316 GC heap before
{Heap before GC invocations=51 (full 21):
 PSYoungGen      total 384000K, used 258807K [0x000000076b100000, 0x0000000783880000, 0x00000007c0000000)
  eden space 375296K, 68% used [0x000000076b100000,0x000000077adbde80,0x0000000781f80000)
  from space 8704K, 0% used [0x0000000781f80000,0x0000000781f80000,0x0000000782800000)
  to   space 12800K, 0% used [0x0000000782c00000,0x0000000782c00000,0x0000000783880000)
 ParOldGen       total 152064K, used 54963K [0x00000006c1200000, 0x00000006ca680000, 0x000000076b100000)
  object space 152064K, 36% used [0x00000006c1200000,0x00000006c47acea0,0x00000006ca680000)
 Metaspace       used 47241K, capacity 51584K, committed 51712K, reserved 1093632K
  class space    used 6220K, capacity 7328K, committed 7424K, reserved 1048576K
Event: 3572.325 GC heap after
Heap after GC invocations=51 (full 21):
 PSYoungGen      total 388096K, used 8360K [0x000000076b100000, 0x0000000783880000, 0x00000007c0000000)
  eden space 375296K, 0% used [0x000000076b100000,0x000000076b100000,0x0000000781f80000)
  from space 12800K, 65% used [0x0000000782c00000,0x000000078342a088,0x0000000783880000)
  to   space 12800K, 0% used [0x0000000781f80000,0x0000000781f80000,0x0000000782c00000)
 ParOldGen       total 152064K, used 54971K [0x00000006c1200000, 0x00000006ca680000, 0x000000076b100000)
  object space 152064K, 36% used [0x00000006c1200000,0x00000006c47aeea0,0x00000006ca680000)
 Metaspace       used 47241K, capacity 51584K, committed 51712K, reserved 1093632K
  class space    used 6220K, capacity 7328K, committed 7424K, reserved 1048576K
}
Event: 3572.325 GC heap before
{Heap before GC invocations=52 (full 22):
 PSYoungGen      total 388096K, used 8360K [0x000000076b100000, 0x0000000783880000, 0x00000007c0000000)
  eden space 375296K, 0% used [0x000000076b100000,0x000000076b100000,0x0000000781f80000)
  from space 12800K, 65% used [0x0000000782c00000,0x000000078342a088,0x0000000783880000)
  to   space 12800K, 0% used [0x0000000781f80000,0x0000000781f80000,0x0000000782c00000)
 ParOldGen       total 152064K, used 54971K [0x00000006c1200000, 0x00000006ca680000, 0x000000076b100000)
  object space 152064K, 36% used [0x00000006c1200000,0x00000006c47aeea0,0x00000006ca680000)
 Metaspace       used 47241K, capacity 51584K, committed 51712K, reserved 1093632K
  class space    used 6220K, capacity 7328K, committed 7424K, reserved 1048576K
Event: 3572.500 GC heap after
Heap after GC invocations=52 (full 22):
 PSYoungGen      total 388096K, used 0K [0x000000076b100000, 0x0000000783880000, 0x00000007c0000000)
  eden space 375296K, 0% used [0x000000076b100000,0x000000076b100000,0x0000000781f80000)
  from space 12800K, 0% used [0x0000000782c00000,0x0000000782c00000,0x0000000783880000)
  to   space 12800K, 0% used [0x0000000781f80000,0x0000000781f80000,0x0000000782c00000)
 ParOldGen       total 152064K, used 55011K [0x00000006c1200000, 0x00000006ca680000, 0x000000076b100000)
  object space 152064K, 36% used [0x00000006c1200000,0x00000006c47b8c80,0x00000006ca680000)
 Metaspace       used 47236K, capacity 51572K, committed 51712K, reserved 1093632K
  class space    used 6219K, capacity 7324K, committed 7424K, reserved 1048576K
}

Deoptimization events (0 events):
No events

Internal exceptions (10 events):
Event: 3574.672 Thread 0x00000000219ec800 Exception <a 'java/lang/ArrayIndexOutOfBoundsException'> (0x00000007796e45d0) thrown at [C:\re\workspace\8-2-build-windows-amd64-cygwin\jdk8u131\8869\hotspot\src\share\vm\runtime\sharedRuntime.cpp, line 605]
Event: 3574.673 Thread 0x00000000219ec800 Exception <a 'java/lang/ArrayIndexOutOfBoundsException'> (0x00000007796fa7f0) thrown at [C:\re\workspace\8-2-build-windows-amd64-cygwin\jdk8u131\8869\hotspot\src\share\vm\runtime\sharedRuntime.cpp, line 605]
Event: 3574.673 Thread 0x00000000219ec800 Exception <a 'java/lang/ArrayIndexOutOfBoundsException'> (0x00000007796ff018) thrown at [C:\re\workspace\8-2-build-windows-amd64-cygwin\jdk8u131\8869\hotspot\src\share\vm\runtime\sharedRuntime.cpp, line 605]
Event: 3574.673 Thread 0x00000000219ec800 Exception <a 'java/lang/ArrayIndexOutOfBoundsException'> (0x0000000779700e68) thrown at [C:\re\workspace\8-2-build-windows-amd64-cygwin\jdk8u131\8869\hotspot\src\share\vm\runtime\sharedRuntime.cpp, line 605]
Event: 3574.673 Thread 0x00000000219ec800 Exception <a 'java/lang/ArrayIndexOutOfBoundsException'> (0x0000000779702f80) thrown at [C:\re\workspace\8-2-build-windows-amd64-cygwin\jdk8u131\8869\hotspot\src\share\vm\runtime\sharedRuntime.cpp, line 605]
Event: 3574.682 Thread 0x00000000219ec800 Exception <a 'java/lang/ClassNotFoundException': org/springframework/web/servlet/mvc/support/RedirectAttributesBeanInfo> (0x000000077979a8f8) thrown at [C:\re\workspace\8-2-build-windows-amd64-cygwin\jdk8u131\8869\hotspot\src\share\vm\classfile\systemDict
Event: 3574.683 Thread 0x00000000219ec800 Exception <a 'java/lang/ClassNotFoundException': org/springframework/web/servlet/mvc/support/RedirectAttributesCustomizer> (0x00000007797b09b8) thrown at [C:\re\workspace\8-2-build-windows-amd64-cygwin\jdk8u131\8869\hotspot\src\share\vm\classfile\systemDi
Event: 3574.683 Thread 0x00000000219ec800 Exception <a 'java/lang/ArrayIndexOutOfBoundsException'> (0x00000007797b4fe8) thrown at [C:\re\workspace\8-2-build-windows-amd64-cygwin\jdk8u131\8869\hotspot\src\share\vm\runtime\sharedRuntime.cpp, line 605]
Event: 3574.683 Thread 0x00000000219ec800 Exception <a 'java/lang/ArrayIndexOutOfBoundsException'> (0x00000007797b6c20) thrown at [C:\re\workspace\8-2-build-windows-amd64-cygwin\jdk8u131\8869\hotspot\src\share\vm\runtime\sharedRuntime.cpp, line 605]
Event: 3574.684 Thread 0x00000000219ec800 Exception <a 'java/lang/ArrayIndexOutOfBoundsException'> (0x00000007797b8ba0) thrown at [C:\re\workspace\8-2-build-windows-amd64-cygwin\jdk8u131\8869\hotspot\src\share\vm\runtime\sharedRuntime.cpp, line 605]

Events (10 events):
Event: 3574.712 Thread 0x00000000219ec800 Thread exited: 0x00000000219ec800
Event: 3574.712 Executing VM operation: BulkRevokeBias
Event: 3574.713 Executing VM operation: BulkRevokeBias done
Event: 3574.713 Thread 0x0000000020b26800 Thread exited: 0x0000000020b26800
Event: 3574.731 Executing VM operation: RevokeBias
Event: 3574.731 Executing VM operation: RevokeBias done
Event: 3574.731 Thread 0x00000000224cc000 Thread exited: 0x00000000224cc000
Event: 3574.732 Thread 0x0000000020b26800 Thread added: 0x0000000020b26800
Event: 3574.734 Thread 0x0000000020b26800 Thread exited: 0x0000000020b26800
Event: 3579.131 Executing VM operation: RedefineClasses


Dynamic libraries:
0x00007ff70e950000 - 0x00007ff70e987000 	C:\Program Files\Java\jdk1.8.0_131\bin\javaw.exe
0x00007fffb4f00000 - 0x00007fffb50e0000 	C:\WINDOWS\SYSTEM32\ntdll.dll
0x00007fffb23d0000 - 0x00007fffb247e000 	C:\WINDOWS\System32\KERNEL32.DLL
0x00007fffb14d0000 - 0x00007fffb1736000 	C:\WINDOWS\System32\KERNELBASE.dll
0x00007fffb25b0000 - 0x00007fffb2651000 	C:\WINDOWS\System32\ADVAPI32.dll
0x00007fffb4490000 - 0x00007fffb452d000 	C:\WINDOWS\System32\msvcrt.dll
0x00007fffb4310000 - 0x00007fffb436b000 	C:\WINDOWS\System32\sechost.dll
0x00007fffb4d50000 - 0x00007fffb4e6f000 	C:\WINDOWS\System32\RPCRT4.dll
0x00007fffb45a0000 - 0x00007fffb472f000 	C:\WINDOWS\System32\USER32.dll
0x00007fffb19c0000 - 0x00007fffb19e0000 	C:\WINDOWS\System32\win32u.dll
0x00007fffb4b80000 - 0x00007fffb4ba8000 	C:\WINDOWS\System32\GDI32.dll
0x00007fffb1a30000 - 0x00007fffb1bc3000 	C:\WINDOWS\System32\gdi32full.dll
0x00007fffb1920000 - 0x00007fffb19bb000 	C:\WINDOWS\System32\msvcp_win.dll
0x00007fffb1740000 - 0x00007fffb1836000 	C:\WINDOWS\System32\ucrtbase.dll
0x00007fff9e6a0000 - 0x00007fff9e909000 	C:\WINDOWS\WinSxS\amd64_microsoft.windows.common-controls_6595b64144ccf1df_6.0.16299.192_none_15c8cdae9364c23b\COMCTL32.dll
0x00007fffb2730000 - 0x00007fffb2a38000 	C:\WINDOWS\System32\combase.dll
0x00007fffb1840000 - 0x00007fffb18b2000 	C:\WINDOWS\System32\bcryptPrimitives.dll
0x00007fffb2b40000 - 0x00007fffb2b6d000 	C:\WINDOWS\System32\IMM32.DLL
0x000000005e1f0000 - 0x000000005e2c2000 	C:\Program Files\Java\jdk1.8.0_131\jre\bin\msvcr100.dll
0x000000005cc00000 - 0x000000005d49c000 	C:\Program Files\Java\jdk1.8.0_131\jre\bin\server\jvm.dll
0x00007fffb2ac0000 - 0x00007fffb2ac8000 	C:\WINDOWS\System32\PSAPI.DLL
0x00007fffaf5b0000 - 0x00007fffaf5d3000 	C:\WINDOWS\SYSTEM32\WINMM.dll
0x00007fffaf6b0000 - 0x00007fffaf6b9000 	C:\WINDOWS\SYSTEM32\WSOCK32.dll
0x00007fffb2ad0000 - 0x00007fffb2b3c000 	C:\WINDOWS\System32\WS2_32.dll
0x00007fff9fad0000 - 0x00007fff9fada000 	C:\WINDOWS\SYSTEM32\VERSION.dll
0x00007fffaf580000 - 0x00007fffaf5aa000 	C:\WINDOWS\SYSTEM32\WINMMBASE.dll
0x00007fffb19e0000 - 0x00007fffb1a2a000 	C:\WINDOWS\System32\cfgmgr32.dll
0x000000005e1e0000 - 0x000000005e1ef000 	C:\Program Files\Java\jdk1.8.0_131\jre\bin\verify.dll
0x000000005e1b0000 - 0x000000005e1d9000 	C:\Program Files\Java\jdk1.8.0_131\jre\bin\java.dll
0x000000005e170000 - 0x000000005e1a5000 	C:\Program Files\Java\jdk1.8.0_131\jre\bin\jdwp.dll
0x000000005e160000 - 0x000000005e168000 	C:\Program Files\Java\jdk1.8.0_131\jre\bin\npt.dll
0x000000005e140000 - 0x000000005e156000 	C:\Program Files\Java\jdk1.8.0_131\jre\bin\zip.dll
0x00007fffb2ed0000 - 0x00007fffb4306000 	C:\WINDOWS\System32\SHELL32.dll
0x00007fffb2660000 - 0x00007fffb2706000 	C:\WINDOWS\System32\shcore.dll
0x00007fffb1bd0000 - 0x00007fffb2317000 	C:\WINDOWS\System32\windows.storage.dll
0x00007fffb4530000 - 0x00007fffb4581000 	C:\WINDOWS\System32\shlwapi.dll
0x00007fffb12a0000 - 0x00007fffb12b1000 	C:\WINDOWS\System32\kernel.appcore.dll
0x00007fffb1250000 - 0x00007fffb129c000 	C:\WINDOWS\System32\powrprof.dll
0x00007fffb12c0000 - 0x00007fffb12db000 	C:\WINDOWS\System32\profapi.dll
0x000000005e130000 - 0x000000005e139000 	C:\Program Files\Java\jdk1.8.0_131\jre\bin\dt_socket.dll
0x00007fff9ef80000 - 0x00007fff9ef96000 	C:\WINDOWS\system32\napinsp.dll
0x00007fff9ef10000 - 0x00007fff9ef2a000 	C:\WINDOWS\system32\pnrpnsp.dll
0x00007fffa86a0000 - 0x00007fffa86b8000 	C:\WINDOWS\system32\NLAapi.dll
0x00007fffb0ae0000 - 0x00007fffb0b46000 	C:\WINDOWS\System32\mswsock.dll
0x00007fffb08b0000 - 0x00007fffb0966000 	C:\WINDOWS\SYSTEM32\DNSAPI.dll
0x00007fffb4480000 - 0x00007fffb4488000 	C:\WINDOWS\System32\NSI.dll
0x00007fffb0870000 - 0x00007fffb08a9000 	C:\WINDOWS\SYSTEM32\IPHLPAPI.DLL
0x00007fff9ef00000 - 0x00007fff9ef0e000 	C:\WINDOWS\System32\winrnr.dll
0x00007fffaa4c0000 - 0x00007fffaa4d5000 	C:\WINDOWS\System32\wshbth.dll
0x00007fffa4f20000 - 0x00007fffa4f90000 	C:\WINDOWS\System32\fwpuclnt.dll
0x00007fffb0db0000 - 0x00007fffb0dd5000 	C:\WINDOWS\SYSTEM32\bcrypt.dll
0x00007fffa7750000 - 0x00007fffa775a000 	C:\Windows\System32\rasadhlp.dll
0x000000005e120000 - 0x000000005e12d000 	C:\Program Files\Java\jdk1.8.0_131\jre\bin\management.dll
0x000000005e100000 - 0x000000005e11a000 	C:\Program Files\Java\jdk1.8.0_131\jre\bin\net.dll
0x000000005e0e0000 - 0x000000005e0f1000 	C:\Program Files\Java\jdk1.8.0_131\jre\bin\nio.dll
0x00007fffb0ca0000 - 0x00007fffb0cb7000 	C:\WINDOWS\SYSTEM32\CRYPTSP.dll
0x00007fffb06f0000 - 0x00007fffb0723000 	C:\WINDOWS\system32\rsaenh.dll
0x00007fffb1180000 - 0x00007fffb11a9000 	C:\WINDOWS\SYSTEM32\USERENV.dll
0x00007fffb0cc0000 - 0x00007fffb0ccb000 	C:\WINDOWS\SYSTEM32\CRYPTBASE.dll
0x00007fffa8260000 - 0x00007fffa8276000 	C:\WINDOWS\SYSTEM32\dhcpcsvc6.DLL
0x00007fffa8240000 - 0x00007fffa825a000 	C:\WINDOWS\SYSTEM32\dhcpcsvc.DLL
0x00007fffa6a20000 - 0x00007fffa6be8000 	C:\WINDOWS\SYSTEM32\dbghelp.dll

VM Arguments:
jvm_args: -agentlib:jdwp=transport=dt_socket,suspend=y,address=localhost:49813 -Dcom.sun.management.jmxremote -Dcom.sun.management.jmxremote.port=49812 -Dcom.sun.management.jmxremote.authenticate=false -Dcom.sun.management.jmxremote.ssl=false -Djava.rmi.server.hostname=localhost -Dspring.liveBeansView.mbeanDomain -Dspring.application.admin.enabled=true -Xverify:none -XX:TieredStopAtLevel=1 -Dfile.encoding=UTF-8 
java_command: com.example.GtogApplication --spring.output.ansi.enabled=always
java_class_path (initial): C:\Program Files\Java\jdk1.8.0_131\jre\lib\resources.jar;C:\Program Files\Java\jdk1.8.0_131\jre\lib\rt.jar;C:\Program Files\Java\jdk1.8.0_131\jre\lib\jsse.jar;C:\Program Files\Java\jdk1.8.0_131\jre\lib\jce.jar;C:\Program Files\Java\jdk1.8.0_131\jre\lib\charsets.jar;C:\Program Files\Java\jdk1.8.0_131\jre\lib\jfr.jar;C:\Program Files\Java\jdk1.8.0_131\jre\lib\ext\access-bridge-64.jar;C:\Program Files\Java\jdk1.8.0_131\jre\lib\ext\cldrdata.jar;C:\Program Files\Java\jdk1.8.0_131\jre\lib\ext\dnsns.jar;C:\Program Files\Java\jdk1.8.0_131\jre\lib\ext\jaccess.jar;C:\Program Files\Java\jdk1.8.0_131\jre\lib\ext\jfxrt.jar;C:\Program Files\Java\jdk1.8.0_131\jre\lib\ext\localedata.jar;C:\Program Files\Java\jdk1.8.0_131\jre\lib\ext\nashorn.jar;C:\Program Files\Java\jdk1.8.0_131\jre\lib\ext\sunec.jar;C:\Program Files\Java\jdk1.8.0_131\jre\lib\ext\sunjce_provider.jar;C:\Program Files\Java\jdk1.8.0_131\jre\lib\ext\sunmscapi.jar;C:\Program Files\Java\jdk1.8.0_131\jre\lib\ext\sunpkcs11.jar;C:\Program Files\Java\jdk1.8.0_131\jre\lib\ext\zipfs.jar;C:\Suriya\work\ws\assignments\thoughtworks\demo\target\classes;C:\Users\suriya\.m2\repository\org\springframework\boot\spring-boot-starter-thymeleaf\1.5.10.RELEASE\spring-boot-starter-thymeleaf-1.5.10.RELEASE.jar;C:\Users\suriya\.m2\repository\org\springframework\boot\spring-boot-starter\1.5.10.RELEASE\spring-boot-starter-1.5.10.RELEASE.jar;C:\Users\suriya\.m2\repository\org\springframework\boot\spring-boot-starter-logging\1.5.10.RELEASE\spring-boot-starter-logging-1.5.10.RELEASE.jar;C:\Users\suriya\.m2\repository\ch\qos\logback\logback-classic\1.1.11\logback-classic-1.1.11.jar;C:\Users\suriya\.m2\repository\ch\qos\logback\logback-core\1.1.11\logback-core-1.1.11.jar;C:\Users\suriya\.m2\repository\org\slf4j\jcl-over-slf4j\1.7.25\jcl-over-slf4j-1.7.25.jar;C:\Users\suriya\.m2\repository\org\slf4j\jul-to-slf4j\1.7.25\jul-to-slf4j-1.7.25.jar;C:\Users\suriya\.m2\repository\org\slf4j\log4j-over-slf4j\1.7.25\log4j-over-slf4
Launcher Type: SUN_STANDARD

Environment Variables:
JAVA_HOME=C:\Program Files\Java\jdk1.8.0_131
PATH=C:\Program Files\Java\jdk1.8.0_131\jre\bin;C:/Program Files/Java/jre1.8.0_151/bin/server;C:/Program Files/Java/jre1.8.0_151/bin;C:/Program Files/Java/jre1.8.0_151/lib/amd64;C:\ProgramData\Oracle\Java\javapath;C:\WINDOWS\system32;C:\WINDOWS;C:\WINDOWS\System32\Wbem;C:\WINDOWS\System32\WindowsPowerShell\v1.0\;C:\Program Files\Git\cmd;C:\Program Files\nodejs\;C:\Program Files (x86)\Microsoft VS Code\bin;C:\Program Files\Java\jdk1.8.0_131\bin;C:\Suriya\Software\Programming\apache-maven-3.5.0\bin;C:\Suriya\Software\Programming\gradle-4.0\bin;C:\Users\suriya\AppData\Local\Microsoft\WindowsApps;C:\Users\suriya\AppData\Roaming\npm;;C:\Program Files\Docker Toolbox;C:\Suriya\Software\Programming\sts-bundle\sts-3.9.1.RELEASE;
USERNAME=suriya
OS=Windows_NT
PROCESSOR_IDENTIFIER=Intel64 Family 6 Model 78 Stepping 3, GenuineIntel



---------------  S Y S T E M  ---------------

OS: Windows 10.0 , 64 bit Build 16299 (10.0.16299.15)

CPU:total 4 (initial active 4) (2 cores per cpu, 2 threads per core) family 6 model 78 stepping 3, cmov, cx8, fxsr, mmx, sse, sse2, sse3, ssse3, sse4.1, sse4.2, popcnt, avx, avx2, aes, clmul, erms, rtm, 3dnowpref, lzcnt, ht, tsc, tscinvbit, bmi1, bmi2, adx

Memory: 4k page, physical 16700488k(9110780k free), swap 19190856k(9982588k free)

vm_info: Java HotSpot(TM) 64-Bit Server VM (25.131-b11) for windows-amd64 JRE (1.8.0_131-b11), built on Mar 15 2017 01:23:53 by "java_re" with MS VC++ 10.0 (VS2010)

time: Wed Feb 14 03:25:58 2018
elapsed time: 3579 seconds (0d 0h 59m 39s)

